  [1m[35m (0.5ms)[0m  [1m[35mCREATE TABLE "schema_migrations" ("version" varchar NOT NULL PRIMARY KEY)[0m
  [1m[35m (0.4ms)[0m  [1m[35mCREATE TABLE "ar_internal_metadata" ("key" varchar NOT NULL PRIMARY KEY, "value" varchar, "created_at" datetime(6) NOT NULL, "updated_at" datetime(6) NOT NULL)[0m
  [1m[36mActiveRecord::SchemaMigration Pluck (0.1ms)[0m  [1m[34mSELECT "schema_migrations"."version" FROM "schema_migrations" ORDER BY "schema_migrations"."version" ASC[0m
Migrating to CreateDogs (20240221185550)
  [1m[36mTRANSACTION (0.0ms)[0m  [1m[36mbegin transaction[0m
  [1m[35m (0.2ms)[0m  [1m[35mCREATE TABLE "dogs" ("id" integer PRIMARY KEY AUTOINCREMENT NOT NULL, "name" varchar, "description" text, "age" integer, "washed" boolean, "exercised" boolean, "created_at" datetime(6) NOT NULL, "updated_at" datetime(6) NOT NULL)[0m
  [1m[36mActiveRecord::SchemaMigration Create (0.3ms)[0m  [1m[32mINSERT INTO "schema_migrations" ("version") VALUES (?)[0m  [["version", "20240221185550"]]
  [1m[36mTRANSACTION (0.3ms)[0m  [1m[36mcommit transaction[0m
  [1m[36mActiveRecord::InternalMetadata Load (0.4ms)[0m  [1m[34mSELECT "ar_internal_metadata".* FROM "ar_internal_metadata" WHERE "ar_internal_metadata"."key" = ? LIMIT ?[0m  [["key", "environment"], ["LIMIT", 1]]
  [1m[36mTRANSACTION (0.0ms)[0m  [1m[36mbegin transaction[0m
  [1m[36mActiveRecord::InternalMetadata Create (0.2ms)[0m  [1m[32mINSERT INTO "ar_internal_metadata" ("key", "value", "created_at", "updated_at") VALUES (?, ?, ?, ?)[0m  [["key", "environment"], ["value", "development"], ["created_at", "2024-02-21 19:00:05.555448"], ["updated_at", "2024-02-21 19:00:05.555448"]]
  [1m[36mTRANSACTION (0.3ms)[0m  [1m[36mcommit transaction[0m
  [1m[36mActiveRecord::SchemaMigration Pluck (0.0ms)[0m  [1m[34mSELECT "schema_migrations"."version" FROM "schema_migrations" ORDER BY "schema_migrations"."version" ASC[0m
  [1m[36mActiveRecord::SchemaMigration Pluck (0.0ms)[0m  [1m[34mSELECT "schema_migrations"."version" FROM "schema_migrations" ORDER BY "schema_migrations"."version" ASC[0m
  [1m[36mTRANSACTION (0.0ms)[0m  [1m[36mbegin transaction[0m
  [1m[36mDog Create (0.2ms)[0m  [1m[32mINSERT INTO "dogs" ("name", "description", "age", "washed", "exercised", "created_at", "updated_at") VALUES (?, ?, ?, ?, ?, ?, ?)[0m  [["name", "Ellie"], ["description", "Black hound mix"], ["age", 1], ["washed", 0], ["exercised", 1], ["created_at", "2024-02-21 19:00:05.575035"], ["updated_at", "2024-02-21 19:00:05.575035"]]
  [1m[36mTRANSACTION (0.2ms)[0m  [1m[36mcommit transaction[0m
  [1m[36mTRANSACTION (0.0ms)[0m  [1m[36mbegin transaction[0m
  [1m[36mDog Create (0.1ms)[0m  [1m[32mINSERT INTO "dogs" ("name", "description", "age", "washed", "exercised", "created_at", "updated_at") VALUES (?, ?, ?, ?, ?, ?, ?)[0m  [["name", "Jack"], ["description", "Golden Retriever"], ["age", 3], ["washed", 1], ["exercised", 0], ["created_at", "2024-02-21 19:00:05.577111"], ["updated_at", "2024-02-21 19:00:05.577111"]]
  [1m[36mTRANSACTION (0.2ms)[0m  [1m[36mcommit transaction[0m
  [1m[36mTRANSACTION (0.0ms)[0m  [1m[36mbegin transaction[0m
  [1m[36mDog Create (0.1ms)[0m  [1m[32mINSERT INTO "dogs" ("name", "description", "age", "washed", "exercised", "created_at", "updated_at") VALUES (?, ?, ?, ?, ?, ?, ?)[0m  [["name", "Rocco"], ["description", "Rottweiler Bernese mix"], ["age", 8], ["washed", 0], ["exercised", 0], ["created_at", "2024-02-21 19:00:05.578991"], ["updated_at", "2024-02-21 19:00:05.578991"]]
  [1m[36mTRANSACTION (0.2ms)[0m  [1m[36mcommit transaction[0m
  [1m[36mDog Load (0.5ms)[0m  [1m[34mSELECT "dogs".* FROM "dogs"[0m
Started GET "/" for ::1 at 2024-02-21 12:18:03 -0700
  [1m[36mActiveRecord::SchemaMigration Pluck (0.1ms)[0m  [1m[34mSELECT "schema_migrations"."version" FROM "schema_migrations" ORDER BY "schema_migrations"."version" ASC[0m
Processing by Rails::WelcomeController#index as HTML
  Rendering /Users/bentonwestergaard/.rvm/gems/ruby-3.0.0/gems/railties-7.0.8/lib/rails/templates/rails/welcome/index.html.erb
  Rendered /Users/bentonwestergaard/.rvm/gems/ruby-3.0.0/gems/railties-7.0.8/lib/rails/templates/rails/welcome/index.html.erb (Duration: 6.8ms | Allocations: 633)
Completed 200 OK in 23ms (Views: 10.4ms | ActiveRecord: 0.0ms | Allocations: 7132)


Started GET "/dogs" for ::1 at 2024-02-21 12:18:06 -0700
Processing by DogsController#index as HTML
  [1m[36mDog Load (0.6ms)[0m  [1m[34mSELECT "dogs".* FROM "dogs"[0m
  ↳ app/controllers/dogs_controller.rb:4:in `index'
Completed 200 OK in 26ms (Views: 16.8ms | ActiveRecord: 1.2ms | Allocations: 7836)


Started GET "/favicon.ico" for ::1 at 2024-02-21 12:18:07 -0700
  
ActionController::RoutingError (No route matches [GET] "/favicon.ico"):
  
Started GET "/dogs" for ::1 at 2024-02-21 12:37:45 -0700
Started GET "/dogs" for ::1 at 2024-02-21 12:37:45 -0700
  [1m[36mActiveRecord::SchemaMigration Pluck (0.1ms)[0m  [1m[34mSELECT "schema_migrations"."version" FROM "schema_migrations" ORDER BY "schema_migrations"."version" ASC[0m
Processing by DogsController#index as */*
Processing by DogsController#index as */*
  [1m[36mDog Load (0.3ms)[0m  [1m[34mSELECT "dogs".* FROM "dogs"[0m
  ↳ app/controllers/dogs_controller.rb:4:in `index'
  [1m[36mDog Load (0.1ms)[0m  [1m[34mSELECT "dogs".* FROM "dogs"[0m
  ↳ app/controllers/dogs_controller.rb:4:in `index'
Completed 200 OK in 14ms (Views: 7.7ms | ActiveRecord: 0.6ms | Allocations: 10747)


Completed 200 OK in 13ms (Views: 7.9ms | ActiveRecord: 0.2ms | Allocations: 10981)


Started GET "/dogs" for ::1 at 2024-02-21 12:37:51 -0700
Started GET "/dogs" for ::1 at 2024-02-21 12:37:51 -0700
Processing by DogsController#index as */*
  [1m[36mDog Load (0.1ms)[0m  [1m[34mSELECT "dogs".* FROM "dogs"[0m
  ↳ app/controllers/dogs_controller.rb:4:in `index'
Completed 200 OK in 2ms (Views: 1.6ms | ActiveRecord: 0.1ms | Allocations: 1093)


Processing by DogsController#index as */*
  [1m[36mDog Load (0.1ms)[0m  [1m[34mSELECT "dogs".* FROM "dogs"[0m
  ↳ app/controllers/dogs_controller.rb:4:in `index'
Completed 200 OK in 2ms (Views: 1.3ms | ActiveRecord: 0.1ms | Allocations: 1071)


Started GET "/dogs" for ::1 at 2024-02-21 12:37:54 -0700
Started GET "/dogs" for ::1 at 2024-02-21 12:37:54 -0700
Processing by DogsController#index as */*
  [1m[36mDog Load (0.1ms)[0m  [1m[34mSELECT "dogs".* FROM "dogs"[0m
  ↳ app/controllers/dogs_controller.rb:4:in `index'
Completed 200 OK in 2ms (Views: 1.4ms | ActiveRecord: 0.1ms | Allocations: 1064)


Processing by DogsController#index as */*
  [1m[36mDog Load (0.1ms)[0m  [1m[34mSELECT "dogs".* FROM "dogs"[0m
  ↳ app/controllers/dogs_controller.rb:4:in `index'
Completed 200 OK in 1ms (Views: 1.0ms | ActiveRecord: 0.1ms | Allocations: 1071)


Started GET "/dogs" for ::1 at 2024-02-21 12:37:55 -0700
Started GET "/dogs" for ::1 at 2024-02-21 12:37:55 -0700
Processing by DogsController#index as */*
  [1m[36mDog Load (0.1ms)[0m  [1m[34mSELECT "dogs".* FROM "dogs"[0m
  ↳ app/controllers/dogs_controller.rb:4:in `index'
Completed 200 OK in 3ms (Views: 2.9ms | ActiveRecord: 0.1ms | Allocations: 1065)


Processing by DogsController#index as */*
  [1m[36mDog Load (0.2ms)[0m  [1m[34mSELECT "dogs".* FROM "dogs"[0m
  ↳ app/controllers/dogs_controller.rb:4:in `index'
Completed 200 OK in 3ms (Views: 2.9ms | ActiveRecord: 0.2ms | Allocations: 1060)


Started GET "/dogs" for ::1 at 2024-02-21 12:38:27 -0700
Processing by DogsController#index as HTML
  [1m[36mDog Load (0.3ms)[0m  [1m[34mSELECT "dogs".* FROM "dogs"[0m
  ↳ app/controllers/dogs_controller.rb:4:in `index'
Completed 200 OK in 5ms (Views: 4.0ms | ActiveRecord: 0.3ms | Allocations: 1058)


Started GET "/dogs" for ::1 at 2024-02-21 12:39:45 -0700
Started GET "/dogs" for ::1 at 2024-02-21 12:39:45 -0700
Processing by DogsController#index as */*
  [1m[36mDog Load (0.2ms)[0m  [1m[34mSELECT "dogs".* FROM "dogs"[0m
  ↳ app/controllers/dogs_controller.rb:4:in `index'
Completed 200 OK in 2ms (Views: 1.5ms | ActiveRecord: 0.2ms | Allocations: 1073)


Processing by DogsController#index as */*
  [1m[36mDog Load (0.1ms)[0m  [1m[34mSELECT "dogs".* FROM "dogs"[0m
  ↳ app/controllers/dogs_controller.rb:4:in `index'
Completed 200 OK in 3ms (Views: 2.3ms | ActiveRecord: 0.1ms | Allocations: 1060)


Started GET "/dogs" for ::1 at 2024-02-21 12:40:55 -0700
Started GET "/dogs" for ::1 at 2024-02-21 12:40:55 -0700
Processing by DogsController#index as */*
  [1m[36mDog Load (0.2ms)[0m  [1m[34mSELECT "dogs".* FROM "dogs"[0m
  ↳ app/controllers/dogs_controller.rb:4:in `index'
Completed 200 OK in 5ms (Views: 4.4ms | ActiveRecord: 0.2ms | Allocations: 1072)


Processing by DogsController#index as */*
  [1m[36mDog Load (0.2ms)[0m  [1m[34mSELECT "dogs".* FROM "dogs"[0m
  ↳ app/controllers/dogs_controller.rb:4:in `index'
Completed 200 OK in 2ms (Views: 1.9ms | ActiveRecord: 0.2ms | Allocations: 1060)


Started GET "/dogs" for ::1 at 2024-02-21 12:41:55 -0700
Started GET "/dogs" for ::1 at 2024-02-21 12:41:55 -0700
Processing by DogsController#index as */*
  [1m[36mDog Load (0.3ms)[0m  [1m[34mSELECT "dogs".* FROM "dogs"[0m
  ↳ app/controllers/dogs_controller.rb:4:in `index'
Completed 200 OK in 5ms (Views: 4.1ms | ActiveRecord: 0.3ms | Allocations: 1072)


Processing by DogsController#index as */*
  [1m[36mDog Load (0.3ms)[0m  [1m[34mSELECT "dogs".* FROM "dogs"[0m
  ↳ app/controllers/dogs_controller.rb:4:in `index'
Completed 200 OK in 3ms (Views: 1.9ms | ActiveRecord: 0.3ms | Allocations: 1060)


Started GET "/dogs" for ::1 at 2024-02-21 12:42:11 -0700
Started GET "/dogs" for ::1 at 2024-02-21 12:42:11 -0700
Processing by DogsController#index as */*
  [1m[36mDog Load (0.2ms)[0m  [1m[34mSELECT "dogs".* FROM "dogs"[0m
  ↳ app/controllers/dogs_controller.rb:4:in `index'
Completed 200 OK in 3ms (Views: 2.7ms | ActiveRecord: 0.2ms | Allocations: 1079)


Processing by DogsController#index as */*
  [1m[36mDog Load (0.1ms)[0m  [1m[34mSELECT "dogs".* FROM "dogs"[0m
  ↳ app/controllers/dogs_controller.rb:4:in `index'
Completed 200 OK in 4ms (Views: 3.3ms | ActiveRecord: 0.1ms | Allocations: 1060)


Started GET "/dogs" for ::1 at 2024-02-21 12:42:46 -0700
Started GET "/dogs" for ::1 at 2024-02-21 12:42:46 -0700
Processing by DogsController#index as */*
  [1m[36mDog Load (0.1ms)[0m  [1m[34mSELECT "dogs".* FROM "dogs"[0m
  ↳ app/controllers/dogs_controller.rb:4:in `index'
Completed 200 OK in 5ms (Views: 4.5ms | ActiveRecord: 0.1ms | Allocations: 1068)


Processing by DogsController#index as */*
  [1m[36mDog Load (0.1ms)[0m  [1m[34mSELECT "dogs".* FROM "dogs"[0m
  ↳ app/controllers/dogs_controller.rb:4:in `index'
Completed 200 OK in 3ms (Views: 2.4ms | ActiveRecord: 0.1ms | Allocations: 1060)


Started GET "/dogs" for ::1 at 2024-02-21 12:43:00 -0700
Started GET "/dogs" for ::1 at 2024-02-21 12:43:00 -0700
Processing by DogsController#index as */*
  [1m[36mDog Load (0.2ms)[0m  [1m[34mSELECT "dogs".* FROM "dogs"[0m
  ↳ app/controllers/dogs_controller.rb:4:in `index'
Completed 200 OK in 4ms (Views: 3.3ms | ActiveRecord: 0.2ms | Allocations: 1069)


Processing by DogsController#index as */*
  [1m[36mDog Load (0.1ms)[0m  [1m[34mSELECT "dogs".* FROM "dogs"[0m
  ↳ app/controllers/dogs_controller.rb:4:in `index'
Completed 200 OK in 2ms (Views: 1.8ms | ActiveRecord: 0.1ms | Allocations: 1060)


Started GET "/dogs" for ::1 at 2024-02-21 12:43:52 -0700
Started GET "/dogs" for ::1 at 2024-02-21 12:43:52 -0700
Processing by DogsController#index as */*
  [1m[36mDog Load (0.3ms)[0m  [1m[34mSELECT "dogs".* FROM "dogs"[0m
  ↳ app/controllers/dogs_controller.rb:4:in `index'
Completed 200 OK in 5ms (Views: 4.3ms | ActiveRecord: 0.3ms | Allocations: 1068)


Processing by DogsController#index as */*
  [1m[36mDog Load (0.1ms)[0m  [1m[34mSELECT "dogs".* FROM "dogs"[0m
  ↳ app/controllers/dogs_controller.rb:4:in `index'
Completed 200 OK in 5ms (Views: 4.8ms | ActiveRecord: 0.1ms | Allocations: 1060)


Started GET "/dogs" for ::1 at 2024-02-21 12:57:21 -0700
Started GET "/dogs" for ::1 at 2024-02-21 12:57:21 -0700
Processing by DogsController#index as */*
Processing by DogsController#index as */*
  [1m[36mDog Load (0.2ms)[0m  [1m[34mSELECT "dogs".* FROM "dogs"[0m
  [1m[36mDog Load (0.1ms)[0m  [1m[34mSELECT "dogs".* FROM "dogs"[0m
  ↳ app/controllers/dogs_controller.rb:4:in `index'
  ↳ app/controllers/dogs_controller.rb:4:in `index'
Completed 200 OK in 14ms (Views: 11.4ms | ActiveRecord: 0.7ms | Allocations: 2455)


Completed 200 OK in 8ms (Views: 7.8ms | ActiveRecord: 0.5ms | Allocations: 1708)


Started GET "/dogs" for ::1 at 2024-02-21 12:58:30 -0700
Started GET "/dogs" for ::1 at 2024-02-21 12:58:30 -0700
Processing by DogsController#index as */*
  [1m[36mDog Load (0.7ms)[0m  [1m[34mSELECT "dogs".* FROM "dogs"[0m
  ↳ app/controllers/dogs_controller.rb:4:in `index'
Completed 200 OK in 4ms (Views: 3.1ms | ActiveRecord: 0.7ms | Allocations: 1082)


Processing by DogsController#index as */*
  [1m[36mDog Load (0.1ms)[0m  [1m[34mSELECT "dogs".* FROM "dogs"[0m
  ↳ app/controllers/dogs_controller.rb:4:in `index'
Completed 200 OK in 5ms (Views: 4.5ms | ActiveRecord: 0.1ms | Allocations: 1060)


Started GET "/dogs" for ::1 at 2024-02-21 12:59:18 -0700
Started GET "/dogs" for ::1 at 2024-02-21 12:59:18 -0700
Processing by DogsController#index as */*
  [1m[36mDog Load (0.3ms)[0m  [1m[34mSELECT "dogs".* FROM "dogs"[0m
  ↳ app/controllers/dogs_controller.rb:4:in `index'
Completed 200 OK in 5ms (Views: 3.8ms | ActiveRecord: 0.3ms | Allocations: 1092)


Processing by DogsController#index as */*
  [1m[36mDog Load (0.1ms)[0m  [1m[34mSELECT "dogs".* FROM "dogs"[0m
  ↳ app/controllers/dogs_controller.rb:4:in `index'
Completed 200 OK in 1ms (Views: 1.2ms | ActiveRecord: 0.1ms | Allocations: 1060)


Started GET "/dogs" for ::1 at 2024-02-21 13:02:38 -0700
Started GET "/dogs" for ::1 at 2024-02-21 13:02:38 -0700
Processing by DogsController#index as */*
  [1m[36mDog Load (0.2ms)[0m  [1m[34mSELECT "dogs".* FROM "dogs"[0m
  ↳ app/controllers/dogs_controller.rb:4:in `index'
Processing by DogsController#index as */*
  [1m[36mDog Load (0.1ms)[0m  [1m[34mSELECT "dogs".* FROM "dogs"[0m
  ↳ app/controllers/dogs_controller.rb:4:in `index'
Completed 200 OK in 5ms (Views: 4.8ms | ActiveRecord: 0.1ms | Allocations: 1060)


Completed 200 OK in 14ms (Views: 2.2ms | ActiveRecord: 0.2ms | Allocations: 1248)


Started GET "/dogs" for ::1 at 2024-02-21 13:10:07 -0700
Processing by DogsController#index as */*
  [1m[36mDog Load (0.4ms)[0m  [1m[34mSELECT "dogs".* FROM "dogs"[0m
  ↳ app/controllers/dogs_controller.rb:4:in `index'
Completed 200 OK in 13ms (Views: 11.4ms | ActiveRecord: 1.0ms | Allocations: 1350)


Started GET "/dogs" for ::1 at 2024-02-21 13:10:07 -0700
Processing by DogsController#index as */*
  [1m[36mDog Load (0.4ms)[0m  [1m[34mSELECT "dogs".* FROM "dogs"[0m
  ↳ app/controllers/dogs_controller.rb:4:in `index'
Completed 200 OK in 3ms (Views: 2.1ms | ActiveRecord: 0.4ms | Allocations: 1060)


Started GET "/dogs" for ::1 at 2024-02-21 13:18:14 -0700
Started GET "/dogs" for ::1 at 2024-02-21 13:18:14 -0700
Processing by DogsController#index as */*
  [1m[36mDog Load (0.4ms)[0m  [1m[34mSELECT "dogs".* FROM "dogs"[0m
  ↳ app/controllers/dogs_controller.rb:4:in `index'
Completed 200 OK in 18ms (Views: 11.0ms | ActiveRecord: 0.9ms | Allocations: 1222)


Processing by DogsController#index as */*
  [1m[36mDog Load (0.1ms)[0m  [1m[34mSELECT "dogs".* FROM "dogs"[0m
  ↳ app/controllers/dogs_controller.rb:4:in `index'
Completed 200 OK in 1ms (Views: 0.9ms | ActiveRecord: 0.1ms | Allocations: 1060)


Started GET "/dogs" for ::1 at 2024-02-21 13:19:03 -0700
Started GET "/dogs" for ::1 at 2024-02-21 13:19:03 -0700
Processing by DogsController#index as */*
  [1m[36mDog Load (0.2ms)[0m  [1m[34mSELECT "dogs".* FROM "dogs"[0m
  ↳ app/controllers/dogs_controller.rb:4:in `index'
Completed 200 OK in 3ms (Views: 2.7ms | ActiveRecord: 0.2ms | Allocations: 1072)


Processing by DogsController#index as */*
  [1m[36mDog Load (0.1ms)[0m  [1m[34mSELECT "dogs".* FROM "dogs"[0m
  ↳ app/controllers/dogs_controller.rb:4:in `index'
Completed 200 OK in 2ms (Views: 1.5ms | ActiveRecord: 0.1ms | Allocations: 1060)


